<?xml version="1.0" encoding="UTF-8"?>
<testsuite name="StringCalculatorTest" tests="1" skipped="0" failures="0" errors="0" timestamp="2020-01-30T08:01:14" hostname="recruit-ThinkCentre-M73" time="0.018">
  <properties/>
  <testcase name="add()" classname="StringCalculatorTest" time="0.018"/>
  <system-out><![CDATA[]]></system-out>
  <system-err><![CDATA[]]></system-err>
</testsuite>
